{"/Users/Sparks/Desktop/ipConfigureChallenge/src/environment.ts": {"path":"/Users/Sparks/Desktop/ipConfigureChallenge/src/environment.ts","statementMap":{"0":{"start":{"line":1,"column":13},"end":{"line":4,"column":2}}},"fnMap":{},"branchMap":{},"s":{"0":7},"f":{},"b":{}}
,"/Users/Sparks/Desktop/ipConfigureChallenge/src/app/app.component.html": {"path":"/Users/Sparks/Desktop/ipConfigureChallenge/src/app/app.component.html","statementMap":{"0":{"start":{"line":1,"column":0},"end":{"line":1,"column":77}}},"fnMap":{},"branchMap":{},"s":{"0":1},"f":{},"b":{},"_coverageSchema":"1a1c01bbd47fc00a2c39e90264f33305004495a9","hash":"87e5800a2ccd5fe8f267fa127c1fa742cca5bdf5"}
,"/Users/Sparks/Desktop/ipConfigureChallenge/src/app/app.component.ts": {"path":"/Users/Sparks/Desktop/ipConfigureChallenge/src/app/app.component.ts","statementMap":{"0":{"start":{"line":1,"column":0},"end":{"line":1,"column":58}},"1":{"start":{"line":2,"column":0},"end":{"line":2,"column":47}},"2":{"start":{"line":3,"column":0},"end":{"line":3,"column":71}},"3":{"start":{"line":4,"column":0},"end":{"line":4,"column":66}},"4":{"start":{"line":13,"column":7},"end":{"line":23,"column":null}},"5":{"start":{"line":14,"column":10},"end":{"line":14,"column":32}},"6":{"start":{"line":15,"column":7},"end":{"line":15,"column":32}},"7":{"start":{"line":18,"column":28},"end":{"line":18,"column":50}},"8":{"start":{"line":19,"column":4},"end":{"line":21,"column":5}},"9":{"start":{"line":20,"column":6},"end":{"line":20,"column":48}},"10":{"start":{"line":13,"column":13},"end":{"line":13,"column":25}},"11":{"start":{"line":13,"column":13},"end":{"line":23,"column":null}}},"fnMap":{"0":{"name":"(anonymous_0)","decl":{"start":{"line":17,"column":2},"end":{"line":17,"column":10}},"loc":{"start":{"line":17,"column":10},"end":{"line":22,"column":3}}}},"branchMap":{"0":{"loc":{"start":{"line":19,"column":4},"end":{"line":21,"column":5}},"type":"if","locations":[{"start":{"line":19,"column":4},"end":{"line":21,"column":5}}]}},"s":{"0":1,"1":1,"2":1,"3":1,"4":1,"5":3,"6":3,"7":1,"8":1,"9":0,"10":1,"11":1},"f":{"0":1},"b":{"0":[0]}}
,"/Users/Sparks/Desktop/ipConfigureChallenge/src/app/components/dashboard/dashboard.component.html": {"path":"/Users/Sparks/Desktop/ipConfigureChallenge/src/app/components/dashboard/dashboard.component.html","statementMap":{"0":{"start":{"line":1,"column":0},"end":{"line":1,"column":1187}}},"fnMap":{},"branchMap":{},"s":{"0":1},"f":{},"b":{},"_coverageSchema":"1a1c01bbd47fc00a2c39e90264f33305004495a9","hash":"6f96434875bc3e5102ec4fbdcb9907806a2629fc"}
,"/Users/Sparks/Desktop/ipConfigureChallenge/src/app/components/dashboard/dashboard.component.ts": {"path":"/Users/Sparks/Desktop/ipConfigureChallenge/src/app/components/dashboard/dashboard.component.ts","statementMap":{"0":{"start":{"line":1,"column":0},"end":{"line":1,"column":58}},"1":{"start":{"line":2,"column":0},"end":{"line":2,"column":60}},"2":{"start":{"line":3,"column":0},"end":{"line":3,"column":70}},"3":{"start":{"line":4,"column":0},"end":{"line":4,"column":60}},"4":{"start":{"line":5,"column":0},"end":{"line":5,"column":47}},"5":{"start":{"line":6,"column":0},"end":{"line":6,"column":53}},"6":{"start":{"line":7,"column":0},"end":{"line":7,"column":58}},"7":{"start":{"line":8,"column":0},"end":{"line":8,"column":59}},"8":{"start":{"line":9,"column":0},"end":{"line":9,"column":61}},"9":{"start":{"line":20,"column":11},"end":{"line":20,"column":28}},"10":{"start":{"line":21,"column":16},"end":{"line":21,"column":41}},"11":{"start":{"line":22,"column":16},"end":{"line":22,"column":36}},"12":{"start":{"line":24,"column":28},"end":{"line":24,"column":33}},"13":{"start":{"line":25,"column":51},"end":{"line":25,"column":59}},"14":{"start":{"line":26,"column":28},"end":{"line":26,"column":30}},"15":{"start":{"line":29,"column":4},"end":{"line":40,"column":6}},"16":{"start":{"line":32,"column":8},"end":{"line":37,"column":9}},"17":{"start":{"line":33,"column":10},"end":{"line":33,"column":47}},"18":{"start":{"line":35,"column":10},"end":{"line":35,"column":34}},"19":{"start":{"line":36,"column":10},"end":{"line":36,"column":26}},"20":{"start":{"line":39,"column":20},"end":{"line":39,"column":37}},"21":{"start":{"line":45,"column":4},"end":{"line":48,"column":5}},"22":{"start":{"line":46,"column":6},"end":{"line":46,"column":34}},"23":{"start":{"line":47,"column":6},"end":{"line":47,"column":13}},"24":{"start":{"line":50,"column":4},"end":{"line":50,"column":73}},"25":{"start":{"line":54,"column":4},"end":{"line":56,"column":5}},"26":{"start":{"line":55,"column":6},"end":{"line":55,"column":13}},"27":{"start":{"line":58,"column":4},"end":{"line":60,"column":6}},"28":{"start":{"line":59,"column":51},"end":{"line":59,"column":66}},"29":{"start":{"line":64,"column":4},"end":{"line":64,"column":49}},"30":{"start":{"line":17,"column":13},"end":{"line":17,"column":31}},"31":{"start":{"line":17,"column":13},"end":{"line":66,"column":null}}},"fnMap":{"0":{"name":"(anonymous_0)","decl":{"start":{"line":18,"column":2},"end":{"line":18,"column":17}},"loc":{"start":{"line":18,"column":2},"end":{"line":18,"column":18}}},"1":{"name":"(anonymous_1)","decl":{"start":{"line":28,"column":2},"end":{"line":28,"column":10}},"loc":{"start":{"line":28,"column":10},"end":{"line":41,"column":3}}},"2":{"name":"(anonymous_2)","decl":{"start":{"line":31,"column":16},"end":{"line":31,"column":17}},"loc":{"start":{"line":31,"column":30},"end":{"line":38,"column":7}}},"3":{"name":"(anonymous_3)","decl":{"start":{"line":39,"column":10},"end":{"line":39,"column":11}},"loc":{"start":{"line":39,"column":20},"end":{"line":39,"column":37}}},"4":{"name":"(anonymous_4)","decl":{"start":{"line":43,"column":2},"end":{"line":43,"column":11}},"loc":{"start":{"line":43,"column":28},"end":{"line":51,"column":3}}},"5":{"name":"(anonymous_5)","decl":{"start":{"line":53,"column":2},"end":{"line":53,"column":14}},"loc":{"start":{"line":53,"column":31},"end":{"line":61,"column":3}}},"6":{"name":"(anonymous_6)","decl":{"start":{"line":59,"column":35},"end":{"line":59,"column":36}},"loc":{"start":{"line":59,"column":51},"end":{"line":59,"column":66}}},"7":{"name":"(anonymous_7)","decl":{"start":{"line":63,"column":2},"end":{"line":63,"column":19}},"loc":{"start":{"line":63,"column":36},"end":{"line":65,"column":3}}}},"branchMap":{"0":{"loc":{"start":{"line":32,"column":8},"end":{"line":37,"column":9}},"type":"if","locations":[{"start":{"line":32,"column":8},"end":{"line":37,"column":9}},{"start":{"line":34,"column":15},"end":{"line":37,"column":9}}]},"1":{"loc":{"start":{"line":45,"column":4},"end":{"line":48,"column":5}},"type":"if","locations":[{"start":{"line":45,"column":4},"end":{"line":48,"column":5}}]},"2":{"loc":{"start":{"line":54,"column":4},"end":{"line":56,"column":5}},"type":"if","locations":[{"start":{"line":54,"column":4},"end":{"line":56,"column":5}}]}},"s":{"0":1,"1":1,"2":1,"3":1,"4":1,"5":1,"6":1,"7":1,"8":1,"9":8,"10":8,"11":8,"12":8,"13":8,"14":8,"15":5,"16":5,"17":3,"18":2,"19":2,"20":5,"21":1,"22":0,"23":0,"24":1,"25":1,"26":0,"27":1,"28":1,"29":6,"30":1,"31":1},"f":{"0":8,"1":5,"2":5,"3":5,"4":1,"5":1,"6":1,"7":6},"b":{"0":[3,2],"1":[0],"2":[0]}}
,"/Users/Sparks/Desktop/ipConfigureChallenge/src/app/components/expansion/expansion.component.html": {"path":"/Users/Sparks/Desktop/ipConfigureChallenge/src/app/components/expansion/expansion.component.html","statementMap":{"0":{"start":{"line":1,"column":0},"end":{"line":1,"column":866}}},"fnMap":{},"branchMap":{},"s":{"0":1},"f":{},"b":{},"_coverageSchema":"1a1c01bbd47fc00a2c39e90264f33305004495a9","hash":"363230dfcd7a676a28bf3ce2821b22649cc3b4d6"}
,"/Users/Sparks/Desktop/ipConfigureChallenge/src/app/components/expansion/expansion.component.ts": {"path":"/Users/Sparks/Desktop/ipConfigureChallenge/src/app/components/expansion/expansion.component.ts","statementMap":{"0":{"start":{"line":1,"column":0},"end":{"line":1,"column":50}},"1":{"start":{"line":2,"column":0},"end":{"line":2,"column":45}},"2":{"start":{"line":3,"column":0},"end":{"line":3,"column":57}},"3":{"start":{"line":4,"column":0},"end":{"line":4,"column":null}},"4":{"start":{"line":8,"column":0},"end":{"line":8,"column":59}},"5":{"start":{"line":9,"column":0},"end":{"line":9,"column":78}},"6":{"start":{"line":35,"column":15},"end":{"line":35,"column":17}},"7":{"start":{"line":36,"column":35},"end":{"line":36,"column":39}},"8":{"start":{"line":37,"column":31},"end":{"line":37,"column":35}},"9":{"start":{"line":38,"column":26},"end":{"line":38,"column":30}},"10":{"start":{"line":43,"column":4},"end":{"line":48,"column":5}},"11":{"start":{"line":44,"column":6},"end":{"line":44,"column":34}},"12":{"start":{"line":45,"column":6},"end":{"line":45,"column":30}},"13":{"start":{"line":46,"column":6},"end":{"line":46,"column":56}},"14":{"start":{"line":47,"column":6},"end":{"line":47,"column":13}},"15":{"start":{"line":49,"column":21},"end":{"line":49,"column":22}},"16":{"start":{"line":50,"column":4},"end":{"line":53,"column":5}},"17":{"start":{"line":50,"column":17},"end":{"line":50,"column":18}},"18":{"start":{"line":51,"column":19},"end":{"line":51,"column":55}},"19":{"start":{"line":52,"column":6},"end":{"line":52,"column":25}},"20":{"start":{"line":54,"column":4},"end":{"line":54,"column":20}},"21":{"start":{"line":55,"column":18},"end":{"line":55,"column":48}},"22":{"start":{"line":56,"column":4},"end":{"line":56,"column":38}},"23":{"start":{"line":57,"column":4},"end":{"line":57,"column":29}},"24":{"start":{"line":58,"column":4},"end":{"line":58,"column":23}},"25":{"start":{"line":32,"column":13},"end":{"line":32,"column":31}},"26":{"start":{"line":32,"column":13},"end":{"line":60,"column":null}}},"fnMap":{"0":{"name":"(anonymous_0)","decl":{"start":{"line":33,"column":2},"end":{"line":33,"column":17}},"loc":{"start":{"line":33,"column":2},"end":{"line":33,"column":18}}},"1":{"name":"(anonymous_1)","decl":{"start":{"line":40,"column":2},"end":{"line":40,"column":10}},"loc":{"start":{"line":40,"column":10},"end":{"line":40,"column":21}}},"2":{"name":"(anonymous_2)","decl":{"start":{"line":42,"column":2},"end":{"line":42,"column":21}},"loc":{"start":{"line":42,"column":40},"end":{"line":59,"column":3}}}},"branchMap":{"0":{"loc":{"start":{"line":43,"column":4},"end":{"line":48,"column":5}},"type":"if","locations":[{"start":{"line":43,"column":4},"end":{"line":48,"column":5}}]},"1":{"loc":{"start":{"line":51,"column":20},"end":{"line":51,"column":40}},"type":"cond-expr","locations":[{"start":{"line":51,"column":34},"end":{"line":51,"column":35}},{"start":{"line":51,"column":38},"end":{"line":51,"column":40}}]}},"s":{"0":1,"1":1,"2":1,"3":1,"4":1,"5":1,"6":5,"7":5,"8":5,"9":5,"10":6,"11":4,"12":4,"13":4,"14":4,"15":2,"16":2,"17":2,"18":200,"19":200,"20":2,"21":2,"22":2,"23":2,"24":2,"25":1,"26":1},"f":{"0":5,"1":5,"2":6},"b":{"0":[4],"1":[100,100]}}
,"/Users/Sparks/Desktop/ipConfigureChallenge/src/app/components/header/header.component.html": {"path":"/Users/Sparks/Desktop/ipConfigureChallenge/src/app/components/header/header.component.html","statementMap":{"0":{"start":{"line":1,"column":0},"end":{"line":1,"column":758}}},"fnMap":{},"branchMap":{},"s":{"0":2},"f":{},"b":{},"_coverageSchema":"1a1c01bbd47fc00a2c39e90264f33305004495a9","hash":"40e02c8003593d082d50cc814c006df8dc12fc95"}
,"/Users/Sparks/Desktop/ipConfigureChallenge/src/app/components/header/header.component.ts": {"path":"/Users/Sparks/Desktop/ipConfigureChallenge/src/app/components/header/header.component.ts","statementMap":{"0":{"start":{"line":1,"column":0},"end":{"line":1,"column":58}},"1":{"start":{"line":2,"column":0},"end":{"line":2,"column":58}},"2":{"start":{"line":3,"column":0},"end":{"line":3,"column":53}},"3":{"start":{"line":4,"column":0},"end":{"line":4,"column":47}},"4":{"start":{"line":5,"column":0},"end":{"line":5,"column":70}},"5":{"start":{"line":7,"column":0},"end":{"line":7,"column":41}},"6":{"start":{"line":17,"column":7},"end":{"line":49,"column":null}},"7":{"start":{"line":18,"column":11},"end":{"line":18,"column":28}},"8":{"start":{"line":19,"column":7},"end":{"line":19,"column":32}},"9":{"start":{"line":20,"column":11},"end":{"line":20,"column":25}},"10":{"start":{"line":21,"column":20},"end":{"line":21,"column":25}},"11":{"start":{"line":22,"column":50},"end":{"line":22,"column":54}},"12":{"start":{"line":25,"column":4},"end":{"line":25,"column":43}},"13":{"start":{"line":27,"column":4},"end":{"line":33,"column":7}},"14":{"start":{"line":28,"column":6},"end":{"line":32,"column":7}},"15":{"start":{"line":29,"column":8},"end":{"line":29,"column":36}},"16":{"start":{"line":31,"column":8},"end":{"line":31,"column":37}},"17":{"start":{"line":38,"column":4},"end":{"line":38,"column":37}},"18":{"start":{"line":42,"column":4},"end":{"line":42,"column":27}},"19":{"start":{"line":43,"column":4},"end":{"line":43,"column":35}},"20":{"start":{"line":47,"column":4},"end":{"line":47,"column":34}},"21":{"start":{"line":17,"column":13},"end":{"line":17,"column":28}},"22":{"start":{"line":17,"column":13},"end":{"line":49,"column":null}}},"fnMap":{"0":{"name":"(anonymous_0)","decl":{"start":{"line":24,"column":2},"end":{"line":24,"column":10}},"loc":{"start":{"line":24,"column":10},"end":{"line":34,"column":3}}},"1":{"name":"(anonymous_1)","decl":{"start":{"line":27,"column":33},"end":{"line":27,"column":36}},"loc":{"start":{"line":27,"column":38},"end":{"line":33,"column":5}}},"2":{"name":"(anonymous_2)","decl":{"start":{"line":36,"column":2},"end":{"line":36,"column":11}},"loc":{"start":{"line":36,"column":11},"end":{"line":39,"column":3}}},"3":{"name":"(anonymous_3)","decl":{"start":{"line":41,"column":2},"end":{"line":41,"column":8}},"loc":{"start":{"line":41,"column":8},"end":{"line":44,"column":3}}},"4":{"name":"(anonymous_4)","decl":{"start":{"line":46,"column":2},"end":{"line":46,"column":10}},"loc":{"start":{"line":46,"column":24},"end":{"line":48,"column":3}}}},"branchMap":{"0":{"loc":{"start":{"line":28,"column":6},"end":{"line":32,"column":7}},"type":"if","locations":[{"start":{"line":28,"column":6},"end":{"line":32,"column":7}},{"start":{"line":30,"column":13},"end":{"line":32,"column":7}}]}},"s":{"0":2,"1":2,"2":2,"3":2,"4":2,"5":2,"6":2,"7":7,"8":7,"9":7,"10":7,"11":7,"12":5,"13":5,"14":0,"15":0,"16":0,"17":1,"18":0,"19":0,"20":0,"21":2,"22":2},"f":{"0":5,"1":0,"2":1,"3":0,"4":0},"b":{"0":[0,0]}}
,"/Users/Sparks/Desktop/ipConfigureChallenge/src/app/components/loading-icon/loading-icon.component.html": {"path":"/Users/Sparks/Desktop/ipConfigureChallenge/src/app/components/loading-icon/loading-icon.component.html","statementMap":{"0":{"start":{"line":1,"column":0},"end":{"line":1,"column":209}}},"fnMap":{},"branchMap":{},"s":{"0":3},"f":{},"b":{},"_coverageSchema":"1a1c01bbd47fc00a2c39e90264f33305004495a9","hash":"cbb48dd79e128d81a35b673191c6582dc9876304"}
,"/Users/Sparks/Desktop/ipConfigureChallenge/src/app/components/loading-icon/loading-icon.component.ts": {"path":"/Users/Sparks/Desktop/ipConfigureChallenge/src/app/components/loading-icon/loading-icon.component.ts","statementMap":{"0":{"start":{"line":1,"column":0},"end":{"line":1,"column":42}},"1":{"start":{"line":10,"column":7},"end":{"line":10,"column":null}},"2":{"start":{"line":10,"column":13},"end":{"line":10,"column":33}},"3":{"start":{"line":10,"column":13},"end":{"line":10,"column":null}}},"fnMap":{},"branchMap":{},"s":{"0":3,"1":3,"2":3,"3":3},"f":{},"b":{}}
,"/Users/Sparks/Desktop/ipConfigureChallenge/src/app/components/login/login.component.html": {"path":"/Users/Sparks/Desktop/ipConfigureChallenge/src/app/components/login/login.component.html","statementMap":{"0":{"start":{"line":1,"column":0},"end":{"line":1,"column":259}}},"fnMap":{},"branchMap":{},"s":{"0":4},"f":{},"b":{},"_coverageSchema":"1a1c01bbd47fc00a2c39e90264f33305004495a9","hash":"4f9252dc47fadf17a812647eba2d5cb867e66814"}
,"/Users/Sparks/Desktop/ipConfigureChallenge/src/app/components/login/login.component.ts": {"path":"/Users/Sparks/Desktop/ipConfigureChallenge/src/app/components/login/login.component.ts","statementMap":{"0":{"start":{"line":1,"column":0},"end":{"line":1,"column":50}},"1":{"start":{"line":2,"column":0},"end":{"line":2,"column":59}},"2":{"start":{"line":4,"column":0},"end":{"line":4,"column":null}},"3":{"start":{"line":11,"column":0},"end":{"line":11,"column":70}},"4":{"start":{"line":26,"column":7},"end":{"line":32,"column":null}},"5":{"start":{"line":27,"column":16},"end":{"line":27,"column":41}},"6":{"start":{"line":30,"column":4},"end":{"line":30,"column":30}},"7":{"start":{"line":26,"column":13},"end":{"line":26,"column":27}},"8":{"start":{"line":26,"column":13},"end":{"line":32,"column":null}}},"fnMap":{"0":{"name":"(anonymous_0)","decl":{"start":{"line":29,"column":2},"end":{"line":29,"column":7}},"loc":{"start":{"line":29,"column":7},"end":{"line":31,"column":3}}}},"branchMap":{},"s":{"0":4,"1":4,"2":4,"3":4,"4":4,"5":3,"6":1,"7":4,"8":4},"f":{"0":1},"b":{}}
,"/Users/Sparks/Desktop/ipConfigureChallenge/src/app/components/stream/stream.component.html": {"path":"/Users/Sparks/Desktop/ipConfigureChallenge/src/app/components/stream/stream.component.html","statementMap":{"0":{"start":{"line":1,"column":0},"end":{"line":1,"column":550}}},"fnMap":{},"branchMap":{},"s":{"0":2},"f":{},"b":{},"_coverageSchema":"1a1c01bbd47fc00a2c39e90264f33305004495a9","hash":"d28b2ad84b0c0c027784995e01fc35d224e94f73"}
,"/Users/Sparks/Desktop/ipConfigureChallenge/src/app/components/stream/stream.component.ts": {"path":"/Users/Sparks/Desktop/ipConfigureChallenge/src/app/components/stream/stream.component.ts","statementMap":{"0":{"start":{"line":1,"column":0},"end":{"line":1,"column":null}},"1":{"start":{"line":9,"column":0},"end":{"line":9,"column":60}},"2":{"start":{"line":10,"column":0},"end":{"line":10,"column":69}},"3":{"start":{"line":11,"column":0},"end":{"line":11,"column":78}},"4":{"start":{"line":12,"column":0},"end":{"line":12,"column":38}},"5":{"start":{"line":22,"column":16},"end":{"line":22,"column":36}},"6":{"start":{"line":23,"column":37},"end":{"line":23,"column":41}},"7":{"start":{"line":24,"column":61},"end":{"line":24,"column":null}},"8":{"start":{"line":28,"column":45},"end":{"line":28,"column":49}},"9":{"start":{"line":29,"column":27},"end":{"line":29,"column":32}},"10":{"start":{"line":30,"column":12},"end":{"line":30,"column":16}},"11":{"start":{"line":33,"column":4},"end":{"line":70,"column":5}},"12":{"start":{"line":35,"column":6},"end":{"line":47,"column":10}},"13":{"start":{"line":40,"column":12},"end":{"line":40,"column":43}},"14":{"start":{"line":41,"column":12},"end":{"line":41,"column":33}},"15":{"start":{"line":44,"column":12},"end":{"line":44,"column":38}},"16":{"start":{"line":45,"column":12},"end":{"line":45,"column":33}},"17":{"start":{"line":49,"column":29},"end":{"line":69,"column":14}},"18":{"start":{"line":50,"column":8},"end":{"line":54,"column":9}},"19":{"start":{"line":52,"column":10},"end":{"line":52,"column":40}},"20":{"start":{"line":53,"column":10},"end":{"line":53,"column":17}},"21":{"start":{"line":56,"column":8},"end":{"line":68,"column":12}},"22":{"start":{"line":61,"column":14},"end":{"line":61,"column":45}},"23":{"start":{"line":62,"column":14},"end":{"line":62,"column":35}},"24":{"start":{"line":65,"column":14},"end":{"line":65,"column":40}},"25":{"start":{"line":66,"column":14},"end":{"line":66,"column":35}},"26":{"start":{"line":75,"column":17},"end":{"line":75,"column":33}},"27":{"start":{"line":76,"column":4},"end":{"line":82,"column":6}},"28":{"start":{"line":79,"column":8},"end":{"line":79,"column":41}},"29":{"start":{"line":84,"column":4},"end":{"line":86,"column":5}},"30":{"start":{"line":85,"column":6},"end":{"line":85,"column":34}},"31":{"start":{"line":90,"column":4},"end":{"line":90,"column":47}},"32":{"start":{"line":21,"column":13},"end":{"line":21,"column":28}},"33":{"start":{"line":21,"column":13},"end":{"line":92,"column":null}}},"fnMap":{"0":{"name":"(anonymous_0)","decl":{"start":{"line":32,"column":2},"end":{"line":32,"column":10}},"loc":{"start":{"line":32,"column":10},"end":{"line":71,"column":3}}},"1":{"name":"(anonymous_1)","decl":{"start":{"line":39,"column":10},"end":{"line":39,"column":11}},"loc":{"start":{"line":39,"column":19},"end":{"line":42,"column":11}}},"2":{"name":"(anonymous_2)","decl":{"start":{"line":43,"column":10},"end":{"line":43,"column":11}},"loc":{"start":{"line":43,"column":20},"end":{"line":46,"column":11}}},"3":{"name":"(anonymous_3)","decl":{"start":{"line":49,"column":41},"end":{"line":49,"column":44}},"loc":{"start":{"line":49,"column":46},"end":{"line":69,"column":7}}},"4":{"name":"(anonymous_4)","decl":{"start":{"line":60,"column":12},"end":{"line":60,"column":13}},"loc":{"start":{"line":60,"column":21},"end":{"line":63,"column":13}}},"5":{"name":"(anonymous_5)","decl":{"start":{"line":64,"column":12},"end":{"line":64,"column":13}},"loc":{"start":{"line":64,"column":22},"end":{"line":67,"column":13}}},"6":{"name":"(anonymous_6)","decl":{"start":{"line":73,"column":2},"end":{"line":73,"column":21}},"loc":{"start":{"line":73,"column":33},"end":{"line":87,"column":3}}},"7":{"name":"(anonymous_7)","decl":{"start":{"line":78,"column":6},"end":{"line":78,"column":9}},"loc":{"start":{"line":78,"column":11},"end":{"line":80,"column":7}}},"8":{"name":"(anonymous_8)","decl":{"start":{"line":89,"column":2},"end":{"line":89,"column":14}},"loc":{"start":{"line":89,"column":14},"end":{"line":91,"column":3}}}},"branchMap":{"0":{"loc":{"start":{"line":33,"column":4},"end":{"line":70,"column":5}},"type":"if","locations":[{"start":{"line":33,"column":4},"end":{"line":70,"column":5}}]},"1":{"loc":{"start":{"line":50,"column":8},"end":{"line":54,"column":9}},"type":"if","locations":[{"start":{"line":50,"column":8},"end":{"line":54,"column":9}}]},"2":{"loc":{"start":{"line":84,"column":4},"end":{"line":86,"column":5}},"type":"if","locations":[{"start":{"line":84,"column":4},"end":{"line":86,"column":5}}]}},"s":{"0":2,"1":2,"2":2,"3":2,"4":2,"5":4,"6":4,"7":4,"8":4,"9":4,"10":4,"11":6,"12":2,"13":1,"14":1,"15":1,"16":1,"17":2,"18":0,"19":0,"20":0,"21":0,"22":0,"23":0,"24":0,"25":0,"26":1,"27":1,"28":0,"29":1,"30":1,"31":1,"32":2,"33":2},"f":{"0":6,"1":1,"2":1,"3":0,"4":0,"5":0,"6":1,"7":0,"8":1},"b":{"0":[2],"1":[0],"2":[1]}}
,"/Users/Sparks/Desktop/ipConfigureChallenge/src/app/directives/numbersOnly.directive.ts": {"path":"/Users/Sparks/Desktop/ipConfigureChallenge/src/app/directives/numbersOnly.directive.ts","statementMap":{"0":{"start":{"line":1,"column":0},"end":{"line":1,"column":68}},"1":{"start":{"line":8,"column":22},"end":{"line":8,"column":36}},"2":{"start":{"line":12,"column":24},"end":{"line":12,"column":63}},"3":{"start":{"line":13,"column":25},"end":{"line":13,"column":58}},"4":{"start":{"line":15,"column":4},"end":{"line":17,"column":5}},"5":{"start":{"line":16,"column":6},"end":{"line":16,"column":49}},"6":{"start":{"line":7,"column":13},"end":{"line":7,"column":33}},"7":{"start":{"line":7,"column":13},"end":{"line":19,"column":null}}},"fnMap":{"0":{"name":"(anonymous_0)","decl":{"start":{"line":8,"column":2},"end":{"line":8,"column":22}},"loc":{"start":{"line":8,"column":36},"end":{"line":8,"column":40}}},"1":{"name":"(anonymous_1)","decl":{"start":{"line":11,"column":2},"end":{"line":11,"column":15}},"loc":{"start":{"line":11,"column":28},"end":{"line":18,"column":3}}}},"branchMap":{"0":{"loc":{"start":{"line":15,"column":4},"end":{"line":17,"column":5}},"type":"if","locations":[{"start":{"line":15,"column":4},"end":{"line":17,"column":5}}]}},"s":{"0":1,"1":5,"2":0,"3":0,"4":0,"5":0,"6":1,"7":1},"f":{"0":5,"1":0},"b":{"0":[0]}}
,"/Users/Sparks/Desktop/ipConfigureChallenge/src/app/services/credential.service.ts": {"path":"/Users/Sparks/Desktop/ipConfigureChallenge/src/app/services/credential.service.ts","statementMap":{"0":{"start":{"line":1,"column":0},"end":{"line":1,"column":43}},"1":{"start":{"line":2,"column":0},"end":{"line":2,"column":48}},"2":{"start":{"line":3,"column":0},"end":{"line":3,"column":50}},"3":{"start":{"line":5,"column":0},"end":{"line":5,"column":45}},"4":{"start":{"line":6,"column":20},"end":{"line":6,"column":31}},"5":{"start":{"line":12,"column":22},"end":{"line":12,"column":38}},"6":{"start":{"line":14,"column":16},"end":{"line":14,"column":56}},"7":{"start":{"line":18,"column":4},"end":{"line":29,"column":9}},"8":{"start":{"line":25,"column":26},"end":{"line":25,"column":33}},"9":{"start":{"line":26,"column":25},"end":{"line":26,"column":68}},"10":{"start":{"line":28,"column":8},"end":{"line":28,"column":47}},"11":{"start":{"line":35,"column":18},"end":{"line":35,"column":51}},"12":{"start":{"line":36,"column":4},"end":{"line":48,"column":5}},"13":{"start":{"line":37,"column":23},"end":{"line":37,"column":42}},"14":{"start":{"line":38,"column":22},"end":{"line":38,"column":53}},"15":{"start":{"line":39,"column":6},"end":{"line":45,"column":7}},"16":{"start":{"line":41,"column":8},"end":{"line":41,"column":26}},"17":{"start":{"line":43,"column":8},"end":{"line":43,"column":45}},"18":{"start":{"line":44,"column":8},"end":{"line":44,"column":32}},"19":{"start":{"line":47,"column":6},"end":{"line":47,"column":30}},"20":{"start":{"line":53,"column":18},"end":{"line":53,"column":51}},"21":{"start":{"line":55,"column":4},"end":{"line":58,"column":5}},"22":{"start":{"line":56,"column":23},"end":{"line":56,"column":42}},"23":{"start":{"line":57,"column":6},"end":{"line":57,"column":34}},"24":{"start":{"line":59,"column":4},"end":{"line":59,"column":16}},"25":{"start":{"line":63,"column":4},"end":{"line":66,"column":6}},"26":{"start":{"line":68,"column":4},"end":{"line":68,"column":37}},"27":{"start":{"line":11,"column":13},"end":{"line":11,"column":30}},"28":{"start":{"line":11,"column":13},"end":{"line":70,"column":null}}},"fnMap":{"0":{"name":"(anonymous_0)","decl":{"start":{"line":12,"column":2},"end":{"line":12,"column":22}},"loc":{"start":{"line":12,"column":38},"end":{"line":12,"column":42}}},"1":{"name":"(anonymous_1)","decl":{"start":{"line":16,"column":2},"end":{"line":16,"column":14}},"loc":{"start":{"line":16,"column":39},"end":{"line":30,"column":3}}},"2":{"name":"(anonymous_2)","decl":{"start":{"line":24,"column":17},"end":{"line":24,"column":18}},"loc":{"start":{"line":24,"column":40},"end":{"line":29,"column":7}}},"3":{"name":"(anonymous_3)","decl":{"start":{"line":34,"column":2},"end":{"line":34,"column":17}},"loc":{"start":{"line":34,"column":42},"end":{"line":49,"column":3}}},"4":{"name":"(anonymous_4)","decl":{"start":{"line":52,"column":2},"end":{"line":52,"column":14}},"loc":{"start":{"line":52,"column":14},"end":{"line":60,"column":3}}},"5":{"name":"(anonymous_5)","decl":{"start":{"line":62,"column":2},"end":{"line":62,"column":12}},"loc":{"start":{"line":62,"column":48},"end":{"line":69,"column":3}}}},"branchMap":{"0":{"loc":{"start":{"line":16,"column":15},"end":{"line":16,"column":39}},"type":"default-arg","locations":[{"start":{"line":16,"column":28},"end":{"line":16,"column":39}}]},"1":{"loc":{"start":{"line":34,"column":18},"end":{"line":34,"column":42}},"type":"default-arg","locations":[{"start":{"line":34,"column":31},"end":{"line":34,"column":42}}]},"2":{"loc":{"start":{"line":36,"column":4},"end":{"line":48,"column":5}},"type":"if","locations":[{"start":{"line":36,"column":4},"end":{"line":48,"column":5}},{"start":{"line":46,"column":11},"end":{"line":48,"column":5}}]},"3":{"loc":{"start":{"line":39,"column":6},"end":{"line":45,"column":7}},"type":"if","locations":[{"start":{"line":39,"column":6},"end":{"line":45,"column":7}},{"start":{"line":42,"column":13},"end":{"line":45,"column":7}}]},"4":{"loc":{"start":{"line":55,"column":4},"end":{"line":58,"column":5}},"type":"if","locations":[{"start":{"line":55,"column":4},"end":{"line":58,"column":5}}]}},"s":{"0":7,"1":7,"2":7,"3":7,"4":7,"5":31,"6":31,"7":3,"8":2,"9":2,"10":2,"11":2,"12":2,"13":0,"14":0,"15":0,"16":0,"17":0,"18":0,"19":2,"20":3,"21":3,"22":1,"23":1,"24":2,"25":3,"26":3,"27":7,"28":7},"f":{"0":31,"1":3,"2":2,"3":2,"4":3,"5":3},"b":{"0":[0],"1":[1],"2":[0,2],"3":[0,0],"4":[1]}}
,"/Users/Sparks/Desktop/ipConfigureChallenge/src/app/services/video.service.ts": {"path":"/Users/Sparks/Desktop/ipConfigureChallenge/src/app/services/video.service.ts","statementMap":{"0":{"start":{"line":1,"column":0},"end":{"line":1,"column":51}},"1":{"start":{"line":2,"column":0},"end":{"line":2,"column":50}},"2":{"start":{"line":3,"column":0},"end":{"line":3,"column":67}},"3":{"start":{"line":5,"column":0},"end":{"line":5,"column":57}},"4":{"start":{"line":12,"column":18},"end":{"line":12,"column":36}},"5":{"start":{"line":13,"column":16},"end":{"line":13,"column":41}},"6":{"start":{"line":17,"column":4},"end":{"line":23,"column":8}},"7":{"start":{"line":21,"column":10},"end":{"line":21,"column":44}},"8":{"start":{"line":27,"column":22},"end":{"line":27,"column":44}},"9":{"start":{"line":28,"column":4},"end":{"line":31,"column":6}},"10":{"start":{"line":35,"column":4},"end":{"line":37,"column":7}},"11":{"start":{"line":36,"column":6},"end":{"line":36,"column":40}},"12":{"start":{"line":10,"column":13},"end":{"line":10,"column":25}},"13":{"start":{"line":10,"column":13},"end":{"line":39,"column":null}}},"fnMap":{"0":{"name":"(anonymous_0)","decl":{"start":{"line":11,"column":2},"end":{"line":11,"column":17}},"loc":{"start":{"line":11,"column":2},"end":{"line":11,"column":18}}},"1":{"name":"(anonymous_1)","decl":{"start":{"line":15,"column":2},"end":{"line":15,"column":21}},"loc":{"start":{"line":15,"column":21},"end":{"line":24,"column":3}}},"2":{"name":"(anonymous_2)","decl":{"start":{"line":20,"column":12},"end":{"line":20,"column":13}},"loc":{"start":{"line":20,"column":44},"end":{"line":22,"column":9}}},"3":{"name":"(anonymous_3)","decl":{"start":{"line":25,"column":2},"end":{"line":25,"column":16}},"loc":{"start":{"line":25,"column":33},"end":{"line":32,"column":3}}},"4":{"name":"(anonymous_4)","decl":{"start":{"line":34,"column":2},"end":{"line":34,"column":14}},"loc":{"start":{"line":34,"column":32},"end":{"line":38,"column":3}}},"5":{"name":"(anonymous_5)","decl":{"start":{"line":35,"column":23},"end":{"line":35,"column":24}},"loc":{"start":{"line":35,"column":42},"end":{"line":37,"column":5}}}},"branchMap":{},"s":{"0":3,"1":3,"2":3,"3":3,"4":16,"5":16,"6":0,"7":0,"8":0,"9":0,"10":1,"11":3,"12":3,"13":3},"f":{"0":16,"1":0,"2":0,"3":0,"4":1,"5":3},"b":{}}
}
