TN:
SF:src/environment.ts
FNF:0
FNH:0
DA:1,7
LF:1
LH:1
BRF:0
BRH:0
end_of_record
TN:
SF:src/app/app.component.html
FNF:0
FNH:0
DA:1,1
LF:1
LH:1
BRF:0
BRH:0
end_of_record
TN:
SF:src/app/app.component.ts
FN:17,(anonymous_0)
FNF:1
FNH:1
FNDA:1,(anonymous_0)
DA:1,1
DA:2,1
DA:3,1
DA:4,1
DA:13,1
DA:14,3
DA:15,3
DA:18,1
DA:19,1
DA:20,0
LF:10
LH:9
BRDA:19,0,0,0
BRF:1
BRH:0
end_of_record
TN:
SF:src/app/components/dashboard/dashboard.component.html
FNF:0
FNH:0
DA:1,1
LF:1
LH:1
BRF:0
BRH:0
end_of_record
TN:
SF:src/app/components/dashboard/dashboard.component.ts
FN:18,(anonymous_0)
FN:28,(anonymous_1)
FN:31,(anonymous_2)
FN:39,(anonymous_3)
FN:43,(anonymous_4)
FN:53,(anonymous_5)
FN:59,(anonymous_6)
FN:63,(anonymous_7)
FNF:8
FNH:8
FNDA:8,(anonymous_0)
FNDA:5,(anonymous_1)
FNDA:5,(anonymous_2)
FNDA:5,(anonymous_3)
FNDA:1,(anonymous_4)
FNDA:1,(anonymous_5)
FNDA:1,(anonymous_6)
FNDA:6,(anonymous_7)
DA:1,1
DA:2,1
DA:3,1
DA:4,1
DA:5,1
DA:6,1
DA:7,1
DA:8,1
DA:9,1
DA:17,1
DA:20,8
DA:21,8
DA:22,8
DA:24,8
DA:25,8
DA:26,8
DA:29,5
DA:32,5
DA:33,3
DA:35,2
DA:36,2
DA:39,5
DA:45,1
DA:46,0
DA:47,0
DA:50,1
DA:54,1
DA:55,0
DA:58,1
DA:59,1
DA:64,6
LF:31
LH:28
BRDA:32,0,0,3
BRDA:32,0,1,2
BRDA:45,1,0,0
BRDA:54,2,0,0
BRF:4
BRH:2
end_of_record
TN:
SF:src/app/components/expansion/expansion.component.html
FNF:0
FNH:0
DA:1,1
LF:1
LH:1
BRF:0
BRH:0
end_of_record
TN:
SF:src/app/components/expansion/expansion.component.ts
FN:33,(anonymous_0)
FN:40,(anonymous_1)
FN:42,(anonymous_2)
FNF:3
FNH:3
FNDA:5,(anonymous_0)
FNDA:5,(anonymous_1)
FNDA:6,(anonymous_2)
DA:1,1
DA:2,1
DA:3,1
DA:4,1
DA:8,1
DA:9,1
DA:32,1
DA:35,5
DA:36,5
DA:37,5
DA:38,5
DA:43,6
DA:44,4
DA:45,4
DA:46,4
DA:47,4
DA:49,2
DA:50,2
DA:51,200
DA:52,200
DA:54,2
DA:55,2
DA:56,2
DA:57,2
DA:58,2
LF:25
LH:25
BRDA:43,0,0,4
BRDA:51,1,0,100
BRDA:51,1,1,100
BRF:3
BRH:3
end_of_record
TN:
SF:src/app/components/header/header.component.html
FNF:0
FNH:0
DA:1,2
LF:1
LH:1
BRF:0
BRH:0
end_of_record
TN:
SF:src/app/components/header/header.component.ts
FN:24,(anonymous_0)
FN:27,(anonymous_1)
FN:36,(anonymous_2)
FN:41,(anonymous_3)
FN:46,(anonymous_4)
FNF:5
FNH:2
FNDA:5,(anonymous_0)
FNDA:0,(anonymous_1)
FNDA:1,(anonymous_2)
FNDA:0,(anonymous_3)
FNDA:0,(anonymous_4)
DA:1,2
DA:2,2
DA:3,2
DA:4,2
DA:5,2
DA:7,2
DA:17,2
DA:18,7
DA:19,7
DA:20,7
DA:21,7
DA:22,7
DA:25,5
DA:27,5
DA:28,0
DA:29,0
DA:31,0
DA:38,1
DA:42,0
DA:43,0
DA:47,0
LF:21
LH:15
BRDA:28,0,0,0
BRDA:28,0,1,0
BRF:2
BRH:0
end_of_record
TN:
SF:src/app/components/loading-icon/loading-icon.component.html
FNF:0
FNH:0
DA:1,3
LF:1
LH:1
BRF:0
BRH:0
end_of_record
TN:
SF:src/app/components/loading-icon/loading-icon.component.ts
FNF:0
FNH:0
DA:1,3
DA:10,3
LF:2
LH:2
BRF:0
BRH:0
end_of_record
TN:
SF:src/app/components/login/login.component.html
FNF:0
FNH:0
DA:1,4
LF:1
LH:1
BRF:0
BRH:0
end_of_record
TN:
SF:src/app/components/login/login.component.ts
FN:29,(anonymous_0)
FNF:1
FNH:1
FNDA:1,(anonymous_0)
DA:1,4
DA:2,4
DA:4,4
DA:11,4
DA:26,4
DA:27,3
DA:30,1
LF:7
LH:7
BRF:0
BRH:0
end_of_record
TN:
SF:src/app/components/stream/stream.component.html
FNF:0
FNH:0
DA:1,2
LF:1
LH:1
BRF:0
BRH:0
end_of_record
TN:
SF:src/app/components/stream/stream.component.ts
FN:32,(anonymous_0)
FN:39,(anonymous_1)
FN:43,(anonymous_2)
FN:49,(anonymous_3)
FN:60,(anonymous_4)
FN:64,(anonymous_5)
FN:73,(anonymous_6)
FN:78,(anonymous_7)
FN:89,(anonymous_8)
FNF:9
FNH:5
FNDA:6,(anonymous_0)
FNDA:1,(anonymous_1)
FNDA:1,(anonymous_2)
FNDA:0,(anonymous_3)
FNDA:0,(anonymous_4)
FNDA:0,(anonymous_5)
FNDA:1,(anonymous_6)
FNDA:0,(anonymous_7)
FNDA:1,(anonymous_8)
DA:1,2
DA:9,2
DA:10,2
DA:11,2
DA:12,2
DA:21,2
DA:22,4
DA:23,4
DA:24,4
DA:28,4
DA:29,4
DA:30,4
DA:33,6
DA:35,2
DA:40,1
DA:41,1
DA:44,1
DA:45,1
DA:49,2
DA:50,0
DA:52,0
DA:53,0
DA:56,0
DA:61,0
DA:62,0
DA:65,0
DA:66,0
DA:75,1
DA:76,1
DA:79,0
DA:84,1
DA:85,1
DA:90,1
LF:33
LH:24
BRDA:33,0,0,2
BRDA:50,1,0,0
BRDA:84,2,0,1
BRF:3
BRH:2
end_of_record
TN:
SF:src/app/directives/numbersOnly.directive.ts
FN:8,(anonymous_0)
FN:11,(anonymous_1)
FNF:2
FNH:1
FNDA:5,(anonymous_0)
FNDA:0,(anonymous_1)
DA:1,1
DA:7,1
DA:8,5
DA:12,0
DA:13,0
DA:15,0
DA:16,0
LF:7
LH:3
BRDA:15,0,0,0
BRF:1
BRH:0
end_of_record
TN:
SF:src/app/services/credential.service.ts
FN:12,(anonymous_0)
FN:16,(anonymous_1)
FN:24,(anonymous_2)
FN:34,(anonymous_3)
FN:52,(anonymous_4)
FN:62,(anonymous_5)
FNF:6
FNH:6
FNDA:31,(anonymous_0)
FNDA:3,(anonymous_1)
FNDA:2,(anonymous_2)
FNDA:2,(anonymous_3)
FNDA:3,(anonymous_4)
FNDA:3,(anonymous_5)
DA:1,7
DA:2,7
DA:3,7
DA:5,7
DA:6,7
DA:11,7
DA:12,31
DA:14,31
DA:18,3
DA:25,2
DA:26,2
DA:28,2
DA:35,2
DA:36,2
DA:37,0
DA:38,0
DA:39,0
DA:41,0
DA:43,0
DA:44,0
DA:47,2
DA:53,3
DA:55,3
DA:56,1
DA:57,1
DA:59,2
DA:63,3
DA:68,3
LF:28
LH:22
BRDA:16,0,0,0
BRDA:34,1,0,1
BRDA:36,2,0,0
BRDA:36,2,1,2
BRDA:39,3,0,0
BRDA:39,3,1,0
BRDA:55,4,0,1
BRF:7
BRH:3
end_of_record
TN:
SF:src/app/services/video.service.ts
FN:11,(anonymous_0)
FN:15,(anonymous_1)
FN:20,(anonymous_2)
FN:25,(anonymous_3)
FN:34,(anonymous_4)
FN:35,(anonymous_5)
FNF:6
FNH:3
FNDA:16,(anonymous_0)
FNDA:0,(anonymous_1)
FNDA:0,(anonymous_2)
FNDA:0,(anonymous_3)
FNDA:1,(anonymous_4)
FNDA:3,(anonymous_5)
DA:1,3
DA:2,3
DA:3,3
DA:5,3
DA:10,3
DA:12,16
DA:13,16
DA:17,0
DA:21,0
DA:27,0
DA:28,0
DA:35,1
DA:36,3
LF:13
LH:9
BRF:0
BRH:0
end_of_record
